
--- NEW SESSION: 08/08/2022 13:26:05 ---
/SquareGravity/GeomAlgo.drawColorEdges = 0.4 1 0.298039 1
/SquareGravity/GeomAlgo.showTriangleIndices = 1
/SquareGravity/GeomAlgo.drawColorTriangles = 0.298039 0.498039 0.8 1

--- NEW SESSION: 08/08/2022 13:34:39 ---
/SquareGravity/tearingComponent1.triangleInfo =                                                                                                                                                                                                                                                                                                                                                                                                                                                                                                                                                                                                                                                                                                                                                                                                                                                                                                                                                                                                                                                                                                                                                                                                                                                                                                                                                                                                                                                                                                                                                                                                                                                                                                                                                                                                                                                                                                                                                                                                                                                                                                                                                                                                                                                                                                                                                                                                                                                                                                                                                                                                                                                                                                  
/SquareGravity/tearingComponent1.vertexInfo =                                                                                                                                                                                                                                                                                                                                                                                                                                                                                                                                                                                                                                                                                                                                                                                                                                                                                                                                                                                                                                                                                                                                                                                                                                                                                                                                                                                                                    
/SquareGravity/FEM.color = 1 0.498039 0 1
/SquareGravity/tearingComponent1.triangleInfo =                                                                                                                                                                                                                                                                                                                                                                                                                                                                                                                                                                                                                                                                                                                                                                                                                                                                                                                                                                                                                                                                                                                                                                                                                                                                                                                                                                                                                                                                                                                                                                                                                                                                                                                                                                                                                                                                                                                                                                                                                                                                                                                                                                                                                                                                                                                                                                                                                                                                                                                                                                                                                                                                                                  
/SquareGravity/tearingComponent1.vertexInfo =                                                                                                                                                                                                                                                                                                                                                                                                                                                                                                                                                                                                                                                                                                                                                                                                                                                                                                                                                                                                                                                                                                                                                                                                                                                                                                                                                                                                                    

--- NEW SESSION: 08/08/2022 13:36:29 ---
/SquareGravity/GeomAlgo.showPointIndices = 1
/SquareGravity/GeomAlgo.drawColorEdges = 0.4 1 0.298039 1
/SquareGravity/GeomAlgo.drawColorTriangles = 0.298039 0.498039 0.8 1
/SquareGravity/GeomAlgo.showPointIndices = 1
/SquareGravity/GeomAlgo.drawColorEdges = 0.4 1 0.298039 1
/SquareGravity/GeomAlgo.drawColorTriangles = 0.298039 0.498039 0.8 1

--- NEW SESSION: 08/08/2022 14:54:10 ---
/SquareGravity/GeomAlgo.showPointIndices = 1
/SquareGravity/GeomAlgo.drawColorEdges = 0.4 1 0.298039 1
/SquareGravity/GeomAlgo.drawColorTriangles = 0.298039 0.498039 0.8 1

--- NEW SESSION: 16/08/2022 09:16:56 ---
/SquareGravity/GeomAlgo.drawColorEdges = 0.4 1 0.298039 1
/SquareGravity/GeomAlgo.showTriangleIndices = 1
/SquareGravity/GeomAlgo.drawColorTriangles = 0.298039 0.498039 0.8 1

--- NEW SESSION: 16/08/2022 09:17:49 ---
/SquareGravity/GeomAlgo.drawColorTriangles = 0.298039 0.498039 0.8 1
/SquareGravity/GeomAlgo.drawColorEdges = 0.4 1 0.298039 1
/SquareGravity/GeomAlgo.showTriangleIndices = 1

--- NEW SESSION: 17/08/2022 00:32:20 ---
/SquareGravity/GeomAlgo.drawColorEdges = 0.4 1 0.298039 1
/SquareGravity/GeomAlgo.showTriangleIndices = 1
/SquareGravity/GeomAlgo.drawColorTriangles = 0.298039 0.498039 0.8 1

--- NEW SESSION: 23/08/2022 09:55:28 ---
/SquareGravity/constantFF1.showColor = 0.2 0.898039 0.298039 1

--- NEW SESSION: 29/08/2022 01:24:44 ---
/Sphere.time = 43.15
/Sphere/tSphereModel46.color = 1 0.498039 0 1
/Sphere/obstacle_particle.position = 0 10 0
/Sphere/obstacle_particle.showColor = 1 1 1 1

--- NEW SESSION: 29/08/2022 01:26:46 ---
/Sphere/tSphereModel46.color = 1 0.498039 0 1
/Sphere/obstacle_particle.showColor = 1 1 1 1

--- NEW SESSION: 09/09/2022 01:56:38 ---
/SquareGravity/GeomAlgo.drawColorEdges = 0.4 1 0.298039 1
/SquareGravity/GeomAlgo.showTriangleIndices = 1
/SquareGravity/GeomAlgo.drawColorTriangles = 0.298039 0.498039 0.8 1

--- NEW SESSION: 09/09/2022 02:12:24 ---
/SquareGravity/GeomAlgo.showTriangleIndices = 1
/SquareGravity/GeomAlgo.drawColorTriangles = 0.298039 0.498039 0.8 1
/SquareGravity/GeomAlgo.drawTriangles = 0
/SquareGravity/GeomAlgo.drawColorEdges = 0.4 1 0.298039 1
